Using pre-set license
Built from '2020.3/staging' branch; Version is '2020.3.0f1 (c7b5465681fb) revision 13088070'; Using compiler version '192528614'; Build Type 'Release'
OS: 'Windows 10 Home; OS build 22000.795; Version 2009; 64bit' Language: 'tr' Physical Memory: 16297 MB
BatchMode: 1, IsHumanControllingUs: 0, StartBugReporterOnCrash: 0, Is64bit: 1, IsPro: 0

 COMMAND LINE ARGUMENTS:
C:\Program Files\Unity\Hub\Editor\2020.3.0f1\Editor\Unity.exe
-adb2
-batchMode
-noUpm
-name
AssetImportWorker0
-projectPath
C:/Users/malia/Documents/GitHub/Nani
-logFile
Logs/AssetImportWorker0.log
-srvPort
58070
Successfully changed project path to: C:/Users/malia/Documents/GitHub/Nani
C:/Users/malia/Documents/GitHub/Nani
Using Asset Import Pipeline V2.
Refreshing native plugins compatible for Editor in 35.16 ms, found 1 plugins.
Preloading 0 native plugins for Editor in 0.00 ms.
Initialize engine version: 2020.3.0f1 (c7b5465681fb)
[Subsystems] Discovering subsystems at path C:/Program Files/Unity/Hub/Editor/2020.3.0f1/Editor/Data/Resources/UnitySubsystems
[Subsystems] Discovering subsystems at path C:/Users/malia/Documents/GitHub/Nani/Assets
GfxDevice: creating device client; threaded=0
Direct3D:
    Version:  Direct3D 11.0 [level 11.1]
    Renderer: NVIDIA GeForce RTX 3060 Laptop GPU (ID=0x2520)
    Vendor:   
    VRAM:     6023 MB
    Driver:   31.0.15.1659
Initialize mono
Mono path[0] = 'C:/Program Files/Unity/Hub/Editor/2020.3.0f1/Editor/Data/Managed'
Mono path[1] = 'C:/Program Files/Unity/Hub/Editor/2020.3.0f1/Editor/Data/MonoBleedingEdge/lib/mono/unityjit'
Mono config path = 'C:/Program Files/Unity/Hub/Editor/2020.3.0f1/Editor/Data/MonoBleedingEdge/etc'
Using monoOptions --debugger-agent=transport=dt_socket,embedding=1,server=y,suspend=n,address=127.0.0.1:56440
Begin MonoManager ReloadAssembly
Registering precompiled unity dll's ...
Register platform support module: C:/Program Files/Unity/Hub/Editor/2020.3.0f1/Editor/Data/PlaybackEngines/WebGLSupport/UnityEditor.WebGL.Extensions.dll
Register platform support module: C:/Program Files/Unity/Hub/Editor/2020.3.0f1/Editor/Data/PlaybackEngines/MacStandaloneSupport/UnityEditor.OSXStandalone.Extensions.dll
Register platform support module: C:/Program Files/Unity/Hub/Editor/2020.3.0f1/Editor/Data/PlaybackEngines/WindowsStandaloneSupport/UnityEditor.WindowsStandalone.Extensions.dll
Registered in 0.001914 seconds.
Native extension for WindowsStandalone target not found
Native extension for OSXStandalone target not found
Native extension for WebGL target not found
Refreshing native plugins compatible for Editor in 32.77 ms, found 1 plugins.
Preloading 0 native plugins for Editor in 0.00 ms.
Invoked RoslynAnalysisRunner static constructor.
RoslynAnalysisRunner will not be running.
RoslynAnalysisRunner has terminated.
Mono: successfully reloaded assembly
- Completed reload, in  2.420 seconds
Platform modules already initialized, skipping
Registering precompiled user dll's ...
Registered in 0.000873 seconds.
Begin MonoManager ReloadAssembly
Native extension for WindowsStandalone target not found
Native extension for OSXStandalone target not found
Native extension for WebGL target not found
Refreshing native plugins compatible for Editor in 37.11 ms, found 1 plugins.
Preloading 0 native plugins for Editor in 0.00 ms.
Invoked RoslynAnalysisRunner static constructor.
RoslynAnalysisRunner will not be running.
RoslynAnalysisRunner has terminated.
Mono: successfully reloaded assembly
- Completed reload, in  0.899 seconds
Platform modules already initialized, skipping
========================================================================
Worker process is ready to serve import requests
Launched and connected shader compiler UnityShaderCompiler.exe after 0.04 seconds
Refreshing native plugins compatible for Editor in 0.33 ms, found 1 plugins.
Preloading 0 native plugins for Editor in 0.00 ms.
Unloading 1806 Unused Serialized files (Serialized files now loaded: 0)
System memory in use before: 84.6 MB.
System memory in use after: 84.5 MB.

Unloading 24 unused Assets to reduce memory usage. Loaded Objects now: 2248.
Total: 1.819900 ms (FindLiveObjects: 0.187700 ms CreateObjectMapping: 0.087600 ms MarkObjects: 1.425500 ms  DeleteObjects: 0.118200 ms)

========================================================================
Received Import Request.
  path: Assets
  artifactKey: Guid(00000000000000001000000000000000) Importer(815301076,1909f56bfc062723c751e8b465ee728b)
Start importing Assets using Guid(00000000000000001000000000000000) Importer(815301076,1909f56bfc062723c751e8b465ee728b)  -> (artifact id: '42baae205c97e3337697759514652acd') in 0.006782 seconds
  Import took 0.009365 seconds .

========================================================================
Received Import Request.
  Time since last request: 431.073912 seconds.
  path: Assets/Scenes
  artifactKey: Guid(9683a18e901f10d4f8f2efd05745008d) Importer(815301076,1909f56bfc062723c751e8b465ee728b)
Start importing Assets/Scenes using Guid(9683a18e901f10d4f8f2efd05745008d) Importer(815301076,1909f56bfc062723c751e8b465ee728b)  -> (artifact id: '4baba843d65f2f2d6ae5428e6880aa8a') in 0.006788 seconds
  Import took 0.010146 seconds .

========================================================================
Received Import Request.
  Time since last request: 2.387695 seconds.
  path: Assets/Scenes/SampleScene.unity
  artifactKey: Guid(2cda990e2423bbf4892e6590ba056729) Importer(815301076,1909f56bfc062723c751e8b465ee728b)
Start importing Assets/Scenes/SampleScene.unity using Guid(2cda990e2423bbf4892e6590ba056729) Importer(815301076,1909f56bfc062723c751e8b465ee728b)  -> (artifact id: '4277dab6a28e8e1d23739f05f438b540') in 0.014313 seconds
  Import took 0.016975 seconds .

========================================================================
Received Import Request.
  Time since last request: 16.368075 seconds.
  path: Assets/Scenes/Level01.unity
  artifactKey: Guid(2cda990e2423bbf4892e6590ba056729) Importer(815301076,1909f56bfc062723c751e8b465ee728b)
Start importing Assets/Scenes/Level01.unity using Guid(2cda990e2423bbf4892e6590ba056729) Importer(815301076,1909f56bfc062723c751e8b465ee728b)  -> (artifact id: 'e78586de6381743cb45def06e4647b88') in 0.005299 seconds
  Import took 0.007786 seconds .

========================================================================
Received Import Request.
  Time since last request: 46.817727 seconds.
  path: Assets/Idle.png
  artifactKey: Guid(7068862a63d47a7469383a59a25af0f5) Importer(815301076,1909f56bfc062723c751e8b465ee728b)
Start importing Assets/Idle.png using Guid(7068862a63d47a7469383a59a25af0f5) Importer(815301076,1909f56bfc062723c751e8b465ee728b)  -> (artifact id: 'd6f730e6903fc05777851f47e6f8f141') in 0.088259 seconds
  Import took 0.091125 seconds .

========================================================================
Received Import Request.
  Time since last request: 87.261962 seconds.
  path: Assets/Sprites
  artifactKey: Guid(575ff500e1fde0345b2e8246ff873136) Importer(815301076,1909f56bfc062723c751e8b465ee728b)
Start importing Assets/Sprites using Guid(575ff500e1fde0345b2e8246ff873136) Importer(815301076,1909f56bfc062723c751e8b465ee728b)  -> (artifact id: 'e8016f2f95995028a3ad0237009221a5') in 0.004855 seconds
  Import took 0.007595 seconds .

========================================================================
Received Import Request.
  Time since last request: 86.720562 seconds.
  path: Assets/Sprites/Landscape.gif
  artifactKey: Guid(671b1524c392f0a45836c85b69fd3823) Importer(815301076,1909f56bfc062723c751e8b465ee728b)
Start importing Assets/Sprites/Landscape.gif using Guid(671b1524c392f0a45836c85b69fd3823) Importer(815301076,1909f56bfc062723c751e8b465ee728b)  -> (artifact id: 'f9002617bdeaa6ad2c401d8cc5ad2175') in 0.013186 seconds
  Import took 0.015911 seconds .

========================================================================
Received Import Request.
  Time since last request: 0.002917 seconds.
  path: Assets/Sprites/Landscape.gif
  artifactKey: Guid(671b1524c392f0a45836c85b69fd3823) Importer(815301076,1909f56bfc062723c751e8b465ee728b)
Start importing Assets/Sprites/Landscape.gif using Guid(671b1524c392f0a45836c85b69fd3823) Importer(815301076,1909f56bfc062723c751e8b465ee728b)  -> (artifact id: 'f9002617bdeaa6ad2c401d8cc5ad2175') in 0.005885 seconds
  Import took 0.008488 seconds .

========================================================================
Received Prepare
Registering precompiled user dll's ...
Registered in 0.000736 seconds.
Begin MonoManager ReloadAssembly
Native extension for WindowsStandalone target not found
Native extension for OSXStandalone target not found
Native extension for WebGL target not found
Refreshing native plugins compatible for Editor in 0.32 ms, found 1 plugins.
Preloading 0 native plugins for Editor in 0.00 ms.
Invoked RoslynAnalysisRunner static constructor.
RoslynAnalysisRunner will not be running.
RoslynAnalysisRunner has terminated.
Mono: successfully reloaded assembly
- Completed reload, in  0.804 seconds
Platform modules already initialized, skipping
Refreshing native plugins compatible for Editor in 0.30 ms, found 1 plugins.
Preloading 0 native plugins for Editor in 0.00 ms.
Unloading 1801 Unused Serialized files (Serialized files now loaded: 0)
System memory in use before: 87.6 MB.
System memory in use after: 87.6 MB.

Unloading 12 unused Assets to reduce memory usage. Loaded Objects now: 2260.
Total: 2.228600 ms (FindLiveObjects: 0.185400 ms CreateObjectMapping: 0.106100 ms MarkObjects: 1.825100 ms  DeleteObjects: 0.111300 ms)

========================================================================
Received Import Request.
  Time since last request: 146.286832 seconds.
  path: Assets/Images
  artifactKey: Guid(89af0607173cc6d47944ffed06ad7a75) Importer(815301076,1909f56bfc062723c751e8b465ee728b)
Start importing Assets/Images using Guid(89af0607173cc6d47944ffed06ad7a75) Importer(815301076,1909f56bfc062723c751e8b465ee728b)  -> (artifact id: '24aea7e4f71b63b34f5550c3c2af0e19') in 0.008688 seconds
  Import took 0.011833 seconds .

========================================================================
Received Import Request.
  Time since last request: 14.898616 seconds.
  path: Assets/Images/15.png
  artifactKey: Guid(4373be06bba27404aba6a4d8a151a133) Importer(815301076,1909f56bfc062723c751e8b465ee728b)
Start importing Assets/Images/15.png using Guid(4373be06bba27404aba6a4d8a151a133) Importer(815301076,1909f56bfc062723c751e8b465ee728b)  -> (artifact id: '3bcd355974274a667ea3933c2dd14f67') in 0.052548 seconds
  Import took 0.055387 seconds .

========================================================================
Received Import Request.
  Time since last request: 0.000246 seconds.
  path: Assets/Images/08.png
  artifactKey: Guid(29bb9f5476d53f84eabdb755ca1d8d5d) Importer(815301076,1909f56bfc062723c751e8b465ee728b)
Start importing Assets/Images/08.png using Guid(29bb9f5476d53f84eabdb755ca1d8d5d) Importer(815301076,1909f56bfc062723c751e8b465ee728b)  -> (artifact id: 'd8fcd7eaf12842387cc9efbc81c628d4') in 0.013029 seconds
  Import took 0.015591 seconds .

========================================================================
Received Import Request.
  Time since last request: 0.000224 seconds.
  path: Assets/Images/02.png
  artifactKey: Guid(2aedad8b9a6f03341ad5ee7246600e98) Importer(815301076,1909f56bfc062723c751e8b465ee728b)
Start importing Assets/Images/02.png using Guid(2aedad8b9a6f03341ad5ee7246600e98) Importer(815301076,1909f56bfc062723c751e8b465ee728b)  -> (artifact id: 'cac69de4fb2a01fcd58bf955e46ee164') in 0.013579 seconds
  Import took 0.016428 seconds .

========================================================================
Received Import Request.
  Time since last request: 0.000245 seconds.
  path: Assets/Images/13.png
  artifactKey: Guid(680b585a08e1c1741913bdbe6e1720ac) Importer(815301076,1909f56bfc062723c751e8b465ee728b)
Start importing Assets/Images/13.png using Guid(680b585a08e1c1741913bdbe6e1720ac) Importer(815301076,1909f56bfc062723c751e8b465ee728b)  -> (artifact id: '1f221bb4dbca9543b6d5388323020543') in 0.012611 seconds
  Import took 0.015311 seconds .

========================================================================
Received Import Request.
  Time since last request: 0.000360 seconds.
  path: Assets/Images/11.png
  artifactKey: Guid(efef67478fb44ed4ab8576472f79a572) Importer(815301076,1909f56bfc062723c751e8b465ee728b)
Start importing Assets/Images/11.png using Guid(efef67478fb44ed4ab8576472f79a572) Importer(815301076,1909f56bfc062723c751e8b465ee728b)  -> (artifact id: '75e4b97a0c7121d045546343450e0fb0') in 0.013613 seconds
  Import took 0.016529 seconds .

========================================================================
Received Import Request.
  Time since last request: 0.000264 seconds.
  path: Assets/Images/06.png
  artifactKey: Guid(640611351c7127a46a506e29bf1e18ea) Importer(815301076,1909f56bfc062723c751e8b465ee728b)
Start importing Assets/Images/06.png using Guid(640611351c7127a46a506e29bf1e18ea) Importer(815301076,1909f56bfc062723c751e8b465ee728b)  -> (artifact id: '6356353633583f6e07b26fc8e080c1b3') in 0.014750 seconds
  Import took 0.017536 seconds .

========================================================================
Received Import Request.
  Time since last request: 0.000270 seconds.
  path: Assets/Images/14.png
  artifactKey: Guid(9bb09ec4442c4d041b996ef275dcc662) Importer(815301076,1909f56bfc062723c751e8b465ee728b)
Start importing Assets/Images/14.png using Guid(9bb09ec4442c4d041b996ef275dcc662) Importer(815301076,1909f56bfc062723c751e8b465ee728b)  -> (artifact id: '22cba3b3b01d31c91ef73a3fcae0ccaf') in 0.013844 seconds
  Import took 0.016800 seconds .

========================================================================
Received Import Request.
  Time since last request: 0.000208 seconds.
  path: Assets/Images/03.png
  artifactKey: Guid(75e793fe4b766844eac8ddac79c8e71a) Importer(815301076,1909f56bfc062723c751e8b465ee728b)
Start importing Assets/Images/03.png using Guid(75e793fe4b766844eac8ddac79c8e71a) Importer(815301076,1909f56bfc062723c751e8b465ee728b)  -> (artifact id: '01ed7f62518dd476fd35d01c705d81fd') in 0.012134 seconds
  Import took 0.015472 seconds .

========================================================================
Received Import Request.
  Time since last request: 0.000193 seconds.
  path: Assets/Images/07.png
  artifactKey: Guid(b949c4fd565bf124d8aa3b5ca5bd4ead) Importer(815301076,1909f56bfc062723c751e8b465ee728b)
Start importing Assets/Images/07.png using Guid(b949c4fd565bf124d8aa3b5ca5bd4ead) Importer(815301076,1909f56bfc062723c751e8b465ee728b)  -> (artifact id: '82443f0b0422ad968a9776a47087ab41') in 0.013454 seconds
  Import took 0.016400 seconds .

========================================================================
Received Import Request.
  Time since last request: 0.000157 seconds.
  path: Assets/Images/04.png
  artifactKey: Guid(ded2cf814a3d45841bda8c764d924c41) Importer(815301076,1909f56bfc062723c751e8b465ee728b)
Start importing Assets/Images/04.png using Guid(ded2cf814a3d45841bda8c764d924c41) Importer(815301076,1909f56bfc062723c751e8b465ee728b)  -> (artifact id: 'dc0c4cddd89f4e82931c504673ce1324') in 0.012966 seconds
  Import took 0.015672 seconds .

========================================================================
Received Import Request.
  Time since last request: 0.000239 seconds.
  path: Assets/Images/09.png
  artifactKey: Guid(420eaabf2614f0341b81ba304bb3be76) Importer(815301076,1909f56bfc062723c751e8b465ee728b)
Start importing Assets/Images/09.png using Guid(420eaabf2614f0341b81ba304bb3be76) Importer(815301076,1909f56bfc062723c751e8b465ee728b)  -> (artifact id: 'e55c37f73a84a371797baabb25d3f281') in 0.013708 seconds
  Import took 0.016406 seconds .

========================================================================
Received Import Request.
  Time since last request: 0.000233 seconds.
  path: Assets/Images/01.png
  artifactKey: Guid(26feeded030a8d4469283582784d38c1) Importer(815301076,1909f56bfc062723c751e8b465ee728b)
Start importing Assets/Images/01.png using Guid(26feeded030a8d4469283582784d38c1) Importer(815301076,1909f56bfc062723c751e8b465ee728b)  -> (artifact id: 'f43a352664082d4f9437c2eb2fc838f3') in 0.013752 seconds
  Import took 0.016439 seconds .

========================================================================
Received Import Request.
  Time since last request: 0.000170 seconds.
  path: Assets/Images/12.png
  artifactKey: Guid(e57d07c7c43d5b8418bc969e8dc8e346) Importer(815301076,1909f56bfc062723c751e8b465ee728b)
Start importing Assets/Images/12.png using Guid(e57d07c7c43d5b8418bc969e8dc8e346) Importer(815301076,1909f56bfc062723c751e8b465ee728b)  -> (artifact id: 'eda6a34f8496d0aa8634fdc83ee2c266') in 0.012440 seconds
  Import took 0.015124 seconds .

========================================================================
Received Import Request.
  Time since last request: 0.000229 seconds.
  path: Assets/Images/05.png
  artifactKey: Guid(080d9ca0916eca444a8729dc1c6d18e7) Importer(815301076,1909f56bfc062723c751e8b465ee728b)
Start importing Assets/Images/05.png using Guid(080d9ca0916eca444a8729dc1c6d18e7) Importer(815301076,1909f56bfc062723c751e8b465ee728b)  -> (artifact id: '5a6683ead70415aba1a602c42615fd0f') in 0.012845 seconds
  Import took 0.015334 seconds .

========================================================================
Received Import Request.
  Time since last request: 0.000156 seconds.
  path: Assets/Images/10.png
  artifactKey: Guid(c563c6da3fe5fae4090e7e5677dd31a3) Importer(815301076,1909f56bfc062723c751e8b465ee728b)
Start importing Assets/Images/10.png using Guid(c563c6da3fe5fae4090e7e5677dd31a3) Importer(815301076,1909f56bfc062723c751e8b465ee728b)  -> (artifact id: 'b6eac5662977f5e4694de0e37812f08e') in 0.013551 seconds
  Import took 0.016182 seconds .

========================================================================
Received Import Request.
  Time since last request: 0.006013 seconds.
  path: Assets/Images/10.png
  artifactKey: Guid(c563c6da3fe5fae4090e7e5677dd31a3) Importer(815301076,1909f56bfc062723c751e8b465ee728b)
Start importing Assets/Images/10.png using Guid(c563c6da3fe5fae4090e7e5677dd31a3) Importer(815301076,1909f56bfc062723c751e8b465ee728b)  -> (artifact id: 'b6eac5662977f5e4694de0e37812f08e') in 0.010577 seconds
  Import took 0.013284 seconds .

========================================================================
Received Import Request.
  Time since last request: 6.217874 seconds.
  path: Assets/Images/Background
  artifactKey: Guid(5e047672bce3b444888c11a75cdbed55) Importer(815301076,1909f56bfc062723c751e8b465ee728b)
Start importing Assets/Images/Background using Guid(5e047672bce3b444888c11a75cdbed55) Importer(815301076,1909f56bfc062723c751e8b465ee728b)  -> (artifact id: '0d888bd3222491eb0c9aafa18c3887ff') in 0.005449 seconds
  Import took 0.008036 seconds .

========================================================================
Received Import Request.
  Time since last request: 10.356877 seconds.
  path: Assets/Images/Background/01.png
  artifactKey: Guid(052c3d244f2deae4588e2ac5bdc04bfb) Importer(815301076,1909f56bfc062723c751e8b465ee728b)
Start importing Assets/Images/Background/01.png using Guid(052c3d244f2deae4588e2ac5bdc04bfb) Importer(815301076,1909f56bfc062723c751e8b465ee728b)  -> (artifact id: 'e4cbb86d3db8048f0586217afc0a7a6e') in 0.012109 seconds
  Import took 0.014905 seconds .

========================================================================
Received Import Request.
  Time since last request: 0.000233 seconds.
  path: Assets/Images/Background/11.png
  artifactKey: Guid(ef12601c8c3582048a634a36434871e0) Importer(815301076,1909f56bfc062723c751e8b465ee728b)
Start importing Assets/Images/Background/11.png using Guid(ef12601c8c3582048a634a36434871e0) Importer(815301076,1909f56bfc062723c751e8b465ee728b)  -> (artifact id: 'ae3907824525714d4e36b114f73dde60') in 0.012805 seconds
  Import took 0.015364 seconds .

========================================================================
Received Import Request.
  Time since last request: 0.000237 seconds.
  path: Assets/Images/Background/15.png
  artifactKey: Guid(4dda7504ed1f6b047a5077e6c742edd2) Importer(815301076,1909f56bfc062723c751e8b465ee728b)
Start importing Assets/Images/Background/15.png using Guid(4dda7504ed1f6b047a5077e6c742edd2) Importer(815301076,1909f56bfc062723c751e8b465ee728b)  -> (artifact id: '861ac221a045552d58a4f2fcc5f49b93') in 0.012169 seconds
  Import took 0.014743 seconds .

========================================================================
Received Import Request.
  Time since last request: 0.000262 seconds.
  path: Assets/Images/Background/10.png
  artifactKey: Guid(add5276a59cc034448f24383999682f3) Importer(815301076,1909f56bfc062723c751e8b465ee728b)
Start importing Assets/Images/Background/10.png using Guid(add5276a59cc034448f24383999682f3) Importer(815301076,1909f56bfc062723c751e8b465ee728b)  -> (artifact id: '7bcfa63da36026aaef702453db49ef63') in 0.012067 seconds
  Import took 0.014698 seconds .

========================================================================
Received Import Request.
  Time since last request: 0.000167 seconds.
  path: Assets/Images/Background/12.png
  artifactKey: Guid(35be5fe7b69a3884d8a2115925e60863) Importer(815301076,1909f56bfc062723c751e8b465ee728b)
Start importing Assets/Images/Background/12.png using Guid(35be5fe7b69a3884d8a2115925e60863) Importer(815301076,1909f56bfc062723c751e8b465ee728b)  -> (artifact id: '7b8c44d8a9689b86b8802fa97e0c66fd') in 0.011116 seconds
  Import took 0.013591 seconds .

========================================================================
Received Import Request.
  Time since last request: 0.000223 seconds.
  path: Assets/Images/Background/13.png
  artifactKey: Guid(6201d8893e7127349bce7b3fa9ca36af) Importer(815301076,1909f56bfc062723c751e8b465ee728b)
Start importing Assets/Images/Background/13.png using Guid(6201d8893e7127349bce7b3fa9ca36af) Importer(815301076,1909f56bfc062723c751e8b465ee728b)  -> (artifact id: '6dd0cb87f6316df890b2c0dad3970214') in 0.010585 seconds
  Import took 0.013376 seconds .

========================================================================
Received Import Request.
  Time since last request: 0.000239 seconds.
  path: Assets/Images/Background/14.png
  artifactKey: Guid(bf48eae6d23803842832c709fe966b3f) Importer(815301076,1909f56bfc062723c751e8b465ee728b)
Start importing Assets/Images/Background/14.png using Guid(bf48eae6d23803842832c709fe966b3f) Importer(815301076,1909f56bfc062723c751e8b465ee728b)  -> (artifact id: 'db39a81e44ff0bbb817050267428f714') in 0.012959 seconds
  Import took 0.015400 seconds .

========================================================================
Received Import Request.
  Time since last request: 0.000146 seconds.
  path: Assets/Images/Background/13.png
  artifactKey: Guid(6201d8893e7127349bce7b3fa9ca36af) Importer(815301076,1909f56bfc062723c751e8b465ee728b)
Start importing Assets/Images/Background/13.png using Guid(6201d8893e7127349bce7b3fa9ca36af) Importer(815301076,1909f56bfc062723c751e8b465ee728b)  -> (artifact id: '6dd0cb87f6316df890b2c0dad3970214') in 0.010986 seconds
  Import took 0.013754 seconds .

========================================================================
Received Import Request.
  Time since last request: 0.000253 seconds.
  path: Assets/Images/Background/14.png
  artifactKey: Guid(bf48eae6d23803842832c709fe966b3f) Importer(815301076,1909f56bfc062723c751e8b465ee728b)
Start importing Assets/Images/Background/14.png using Guid(bf48eae6d23803842832c709fe966b3f) Importer(815301076,1909f56bfc062723c751e8b465ee728b)  -> (artifact id: 'db39a81e44ff0bbb817050267428f714') in 0.012700 seconds
  Import took 0.015280 seconds .

========================================================================
Received Import Request.
  Time since last request: 41.597112 seconds.
  path: Assets/Images/Background/02.png
  artifactKey: Guid(880ca67b109ccdf4a9233024c3dd1015) Importer(815301076,1909f56bfc062723c751e8b465ee728b)
Start importing Assets/Images/Background/02.png using Guid(880ca67b109ccdf4a9233024c3dd1015) Importer(815301076,1909f56bfc062723c751e8b465ee728b)  -> (artifact id: 'd0cfe945c1705acd2ac573f52d1d898f') in 0.012834 seconds
  Import took 0.015863 seconds .

========================================================================
Received Import Request.
  Time since last request: 0.000208 seconds.
  path: Assets/Images/Background/07.png
  artifactKey: Guid(3aea100b9d5de9f488976596f2a052ec) Importer(815301076,1909f56bfc062723c751e8b465ee728b)
Start importing Assets/Images/Background/07.png using Guid(3aea100b9d5de9f488976596f2a052ec) Importer(815301076,1909f56bfc062723c751e8b465ee728b)  -> (artifact id: '1771ae38baa62118154192d45322dc4b') in 0.013678 seconds
  Import took 0.016586 seconds .

========================================================================
Received Import Request.
  Time since last request: 0.000216 seconds.
  path: Assets/Images/Background/04.png
  artifactKey: Guid(2c61998ef6c22b94caf909a583245236) Importer(815301076,1909f56bfc062723c751e8b465ee728b)
Start importing Assets/Images/Background/04.png using Guid(2c61998ef6c22b94caf909a583245236) Importer(815301076,1909f56bfc062723c751e8b465ee728b)  -> (artifact id: 'f8fbf429255ab3ed04c1cd77e5ed0a8c') in 0.011919 seconds
  Import took 0.014781 seconds .

========================================================================
Received Import Request.
  Time since last request: 0.000253 seconds.
  path: Assets/Images/Background/05.png
  artifactKey: Guid(0c017f04f60fe8443906b96365b9a006) Importer(815301076,1909f56bfc062723c751e8b465ee728b)
Start importing Assets/Images/Background/05.png using Guid(0c017f04f60fe8443906b96365b9a006) Importer(815301076,1909f56bfc062723c751e8b465ee728b)  -> (artifact id: '7d219b98c0712fa0e2b66cfaf201d97e') in 0.011839 seconds
  Import took 0.014474 seconds .

========================================================================
Received Import Request.
  Time since last request: 0.000152 seconds.
  path: Assets/Images/Background/09.png
  artifactKey: Guid(03e3568508d78354186a8f1eb9e99646) Importer(815301076,1909f56bfc062723c751e8b465ee728b)
Start importing Assets/Images/Background/09.png using Guid(03e3568508d78354186a8f1eb9e99646) Importer(815301076,1909f56bfc062723c751e8b465ee728b)  -> (artifact id: 'd616516a7a42800e7a9b1c3fb4605d37') in 0.011939 seconds
  Import took 0.014609 seconds .

========================================================================
Received Import Request.
  Time since last request: 0.000235 seconds.
  path: Assets/Images/Background/08.png
  artifactKey: Guid(dee67a46c8d86064ba2bb4fbdb83abe7) Importer(815301076,1909f56bfc062723c751e8b465ee728b)
Start importing Assets/Images/Background/08.png using Guid(dee67a46c8d86064ba2bb4fbdb83abe7) Importer(815301076,1909f56bfc062723c751e8b465ee728b)  -> (artifact id: '1b5d2d444c717a628dcb7abfa85877c9') in 0.012892 seconds
  Import took 0.016046 seconds .

========================================================================
Received Import Request.
  Time since last request: 0.000311 seconds.
  path: Assets/Images/Background/03.png
  artifactKey: Guid(de569360fe5b1784491a58bbb17ecd44) Importer(815301076,1909f56bfc062723c751e8b465ee728b)
Start importing Assets/Images/Background/03.png using Guid(de569360fe5b1784491a58bbb17ecd44) Importer(815301076,1909f56bfc062723c751e8b465ee728b)  -> (artifact id: 'dd650808e77bd8d77d3d01ef62fb6e31') in 0.011471 seconds
  Import took 0.015030 seconds .

========================================================================
Received Import Request.
  Time since last request: 0.000249 seconds.
  path: Assets/Images/Background/02.png
  artifactKey: Guid(880ca67b109ccdf4a9233024c3dd1015) Importer(815301076,1909f56bfc062723c751e8b465ee728b)
Start importing Assets/Images/Background/02.png using Guid(880ca67b109ccdf4a9233024c3dd1015) Importer(815301076,1909f56bfc062723c751e8b465ee728b)  -> (artifact id: 'd0cfe945c1705acd2ac573f52d1d898f') in 0.010965 seconds
  Import took 0.014106 seconds .

========================================================================
Received Import Request.
  Time since last request: 0.000290 seconds.
  path: Assets/Images/Background/06.png
  artifactKey: Guid(68638290978fdd44ab9d1457f0027541) Importer(815301076,1909f56bfc062723c751e8b465ee728b)
Start importing Assets/Images/Background/06.png using Guid(68638290978fdd44ab9d1457f0027541) Importer(815301076,1909f56bfc062723c751e8b465ee728b)  -> (artifact id: '691453234d1b4a3fbe296be2ac27bfcd') in 0.013494 seconds
  Import took 0.016239 seconds .

========================================================================
Received Prepare
Registering precompiled user dll's ...
Registered in 0.000962 seconds.
Begin MonoManager ReloadAssembly
Native extension for WindowsStandalone target not found
Native extension for OSXStandalone target not found
Native extension for WebGL target not found
Refreshing native plugins compatible for Editor in 0.32 ms, found 1 plugins.
Preloading 0 native plugins for Editor in 0.00 ms.
Invoked RoslynAnalysisRunner static constructor.
RoslynAnalysisRunner will not be running.
RoslynAnalysisRunner has terminated.
Mono: successfully reloaded assembly
- Completed reload, in  0.829 seconds
Platform modules already initialized, skipping
Refreshing native plugins compatible for Editor in 0.31 ms, found 1 plugins.
Preloading 0 native plugins for Editor in 0.00 ms.
Unloading 1801 Unused Serialized files (Serialized files now loaded: 0)
System memory in use before: 87.7 MB.
System memory in use after: 87.7 MB.

Unloading 12 unused Assets to reduce memory usage. Loaded Objects now: 2267.
Total: 1.861200 ms (FindLiveObjects: 0.308600 ms CreateObjectMapping: 0.085300 ms MarkObjects: 1.335900 ms  DeleteObjects: 0.130400 ms)

========================================================================
Received Prepare
Registering precompiled user dll's ...
Registered in 0.000828 seconds.
Begin MonoManager ReloadAssembly
Native extension for WindowsStandalone target not found
Native extension for OSXStandalone target not found
Native extension for WebGL target not found
Refreshing native plugins compatible for Editor in 0.33 ms, found 1 plugins.
Preloading 0 native plugins for Editor in 0.00 ms.
Invoked RoslynAnalysisRunner static constructor.
RoslynAnalysisRunner will not be running.
RoslynAnalysisRunner has terminated.
Mono: successfully reloaded assembly
- Completed reload, in  0.817 seconds
Platform modules already initialized, skipping
Refreshing native plugins compatible for Editor in 0.41 ms, found 1 plugins.
Preloading 0 native plugins for Editor in 0.00 ms.
Unloading 1801 Unused Serialized files (Serialized files now loaded: 0)
System memory in use before: 87.7 MB.
System memory in use after: 87.7 MB.

Unloading 12 unused Assets to reduce memory usage. Loaded Objects now: 2271.
Total: 1.954300 ms (FindLiveObjects: 0.274800 ms CreateObjectMapping: 0.099400 ms MarkObjects: 1.485100 ms  DeleteObjects: 0.094000 ms)

========================================================================
Received Import Request.
  Time since last request: 378.662547 seconds.
  path: Assets/Animations
  artifactKey: Guid(575ff500e1fde0345b2e8246ff873136) Importer(815301076,1909f56bfc062723c751e8b465ee728b)
Start importing Assets/Animations using Guid(575ff500e1fde0345b2e8246ff873136) Importer(815301076,1909f56bfc062723c751e8b465ee728b)  -> (artifact id: 'a09c727243912aa8e6255c7f5cb3cfac') in 0.008638 seconds
  Import took 0.011330 seconds .

========================================================================
Received Import Request.
  Time since last request: 7.079043 seconds.
  path: Assets/Images/Player.png
  artifactKey: Guid(4046f30c880dbf54da50e6d895326de8) Importer(815301076,1909f56bfc062723c751e8b465ee728b)
Start importing Assets/Images/Player.png using Guid(4046f30c880dbf54da50e6d895326de8) Importer(815301076,1909f56bfc062723c751e8b465ee728b)  -> (artifact id: '62eb708f3b048422280614fc38dbd06c') in 0.051385 seconds
  Import took 0.054069 seconds .

========================================================================
Received Import Request.
  Time since last request: 0.002521 seconds.
  path: Assets/Images/Player.png
  artifactKey: Guid(4046f30c880dbf54da50e6d895326de8) Importer(815301076,1909f56bfc062723c751e8b465ee728b)
Start importing Assets/Images/Player.png using Guid(4046f30c880dbf54da50e6d895326de8) Importer(815301076,1909f56bfc062723c751e8b465ee728b)  -> (artifact id: '62eb708f3b048422280614fc38dbd06c') in 0.006455 seconds
  Import took 0.008970 seconds .

========================================================================
Received Import Request.
  Time since last request: 9.455125 seconds.
  path: Assets/Images/Shuriken pronta.png
  artifactKey: Guid(db172e350a9c04044923fd7055b215e1) Importer(815301076,1909f56bfc062723c751e8b465ee728b)
Start importing Assets/Images/Shuriken pronta.png using Guid(db172e350a9c04044923fd7055b215e1) Importer(815301076,1909f56bfc062723c751e8b465ee728b)  -> (artifact id: 'dc4524bc293d72c222a23504b5f0c691') in 0.026056 seconds
  Import took 0.028684 seconds .

========================================================================
Received Import Request.
  Time since last request: 0.001101 seconds.
  path: Assets/Images/Shuriken pronta.png
  artifactKey: Guid(db172e350a9c04044923fd7055b215e1) Importer(815301076,1909f56bfc062723c751e8b465ee728b)
Start importing Assets/Images/Shuriken pronta.png using Guid(db172e350a9c04044923fd7055b215e1) Importer(815301076,1909f56bfc062723c751e8b465ee728b)  -> (artifact id: 'dc4524bc293d72c222a23504b5f0c691') in 0.010434 seconds
  Import took 0.013069 seconds .

========================================================================
Received Prepare
Registering precompiled user dll's ...
Registered in 0.000854 seconds.
Begin MonoManager ReloadAssembly
Native extension for WindowsStandalone target not found
Native extension for OSXStandalone target not found
Native extension for WebGL target not found
Refreshing native plugins compatible for Editor in 0.34 ms, found 1 plugins.
Preloading 0 native plugins for Editor in 0.00 ms.
Invoked RoslynAnalysisRunner static constructor.
RoslynAnalysisRunner will not be running.
RoslynAnalysisRunner has terminated.
Mono: successfully reloaded assembly
- Completed reload, in  0.788 seconds
Platform modules already initialized, skipping
Refreshing native plugins compatible for Editor in 0.31 ms, found 1 plugins.
Preloading 0 native plugins for Editor in 0.00 ms.
Unloading 1801 Unused Serialized files (Serialized files now loaded: 0)
System memory in use before: 87.8 MB.
System memory in use after: 87.7 MB.

Unloading 12 unused Assets to reduce memory usage. Loaded Objects now: 2280.
Total: 1.877200 ms (FindLiveObjects: 0.158600 ms CreateObjectMapping: 0.062000 ms MarkObjects: 1.566200 ms  DeleteObjects: 0.089600 ms)

========================================================================
Received Prepare
Registering precompiled user dll's ...
Registered in 0.001084 seconds.
Begin MonoManager ReloadAssembly
Native extension for WindowsStandalone target not found
Native extension for OSXStandalone target not found
Native extension for WebGL target not found
Refreshing native plugins compatible for Editor in 0.32 ms, found 1 plugins.
Preloading 0 native plugins for Editor in 0.00 ms.
Invoked RoslynAnalysisRunner static constructor.
RoslynAnalysisRunner will not be running.
RoslynAnalysisRunner has terminated.
Mono: successfully reloaded assembly
- Completed reload, in  0.820 seconds
Platform modules already initialized, skipping
Refreshing native plugins compatible for Editor in 0.32 ms, found 1 plugins.
Preloading 0 native plugins for Editor in 0.00 ms.
Unloading 1801 Unused Serialized files (Serialized files now loaded: 0)
System memory in use before: 87.8 MB.
System memory in use after: 87.8 MB.

Unloading 12 unused Assets to reduce memory usage. Loaded Objects now: 2284.
Total: 1.991300 ms (FindLiveObjects: 0.231000 ms CreateObjectMapping: 0.070900 ms MarkObjects: 1.596400 ms  DeleteObjects: 0.092300 ms)

========================================================================
Received Prepare
Registering precompiled user dll's ...
Registered in 0.000717 seconds.
Begin MonoManager ReloadAssembly
Native extension for WindowsStandalone target not found
Native extension for OSXStandalone target not found
Native extension for WebGL target not found
Refreshing native plugins compatible for Editor in 0.31 ms, found 1 plugins.
Preloading 0 native plugins for Editor in 0.00 ms.
Invoked RoslynAnalysisRunner static constructor.
RoslynAnalysisRunner will not be running.
RoslynAnalysisRunner has terminated.
Mono: successfully reloaded assembly
- Completed reload, in  0.803 seconds
Platform modules already initialized, skipping
Refreshing native plugins compatible for Editor in 0.33 ms, found 1 plugins.
Preloading 0 native plugins for Editor in 0.00 ms.
Unloading 1802 Unused Serialized files (Serialized files now loaded: 0)
System memory in use before: 87.8 MB.
System memory in use after: 87.8 MB.

Unloading 12 unused Assets to reduce memory usage. Loaded Objects now: 2289.
Total: 1.925700 ms (FindLiveObjects: 0.260300 ms CreateObjectMapping: 0.095400 ms MarkObjects: 1.470200 ms  DeleteObjects: 0.098600 ms)

========================================================================
Received Import Request.
  Time since last request: 154.709622 seconds.
  path: Assets/Scripts
  artifactKey: Guid(f5bfc74e0dac76946aee0610fe5d0cfe) Importer(815301076,1909f56bfc062723c751e8b465ee728b)
Start importing Assets/Scripts using Guid(f5bfc74e0dac76946aee0610fe5d0cfe) Importer(815301076,1909f56bfc062723c751e8b465ee728b)  -> (artifact id: '5028753ba689149acca3607dc28ac8df') in 0.008395 seconds
  Import took 0.011090 seconds .

========================================================================
Received Prepare
Registering precompiled user dll's ...
Registered in 0.000718 seconds.
Begin MonoManager ReloadAssembly
Native extension for WindowsStandalone target not found
Native extension for OSXStandalone target not found
Native extension for WebGL target not found
Refreshing native plugins compatible for Editor in 0.34 ms, found 1 plugins.
Preloading 0 native plugins for Editor in 0.00 ms.
Invoked RoslynAnalysisRunner static constructor.
RoslynAnalysisRunner will not be running.
RoslynAnalysisRunner has terminated.
Mono: successfully reloaded assembly
- Completed reload, in  0.807 seconds
Platform modules already initialized, skipping
Refreshing native plugins compatible for Editor in 0.32 ms, found 1 plugins.
Preloading 0 native plugins for Editor in 0.00 ms.
Unloading 1802 Unused Serialized files (Serialized files now loaded: 0)
System memory in use before: 87.8 MB.
System memory in use after: 87.8 MB.

Unloading 12 unused Assets to reduce memory usage. Loaded Objects now: 2293.
Total: 1.843500 ms (FindLiveObjects: 0.168400 ms CreateObjectMapping: 0.076400 ms MarkObjects: 1.506500 ms  DeleteObjects: 0.091600 ms)

========================================================================
Received Import Request.
  Time since last request: 7.302383 seconds.
  path: Assets/Scripts/PlayerController.cs
  artifactKey: Guid(ccac4c9e7d4d50e468f3839f986f5cc1) Importer(815301076,1909f56bfc062723c751e8b465ee728b)
Start importing Assets/Scripts/PlayerController.cs using Guid(ccac4c9e7d4d50e468f3839f986f5cc1) Importer(815301076,1909f56bfc062723c751e8b465ee728b)  -> (artifact id: 'bd7fa061313a198b62ebb5d16ee9eb24') in 0.011347 seconds
  Import took 0.014122 seconds .

========================================================================
Received Prepare
Registering precompiled user dll's ...
Registered in 0.001631 seconds.
Begin MonoManager ReloadAssembly
Native extension for WindowsStandalone target not found
Native extension for OSXStandalone target not found
Native extension for WebGL target not found
Refreshing native plugins compatible for Editor in 0.39 ms, found 1 plugins.
Preloading 0 native plugins for Editor in 0.00 ms.
Invoked RoslynAnalysisRunner static constructor.
RoslynAnalysisRunner will not be running.
RoslynAnalysisRunner has terminated.
Mono: successfully reloaded assembly
- Completed reload, in  1.138 seconds
Platform modules already initialized, skipping
Refreshing native plugins compatible for Editor in 0.96 ms, found 1 plugins.
Preloading 0 native plugins for Editor in 0.00 ms.
Unloading 1802 Unused Serialized files (Serialized files now loaded: 0)
System memory in use before: 87.8 MB.
System memory in use after: 87.8 MB.

Unloading 12 unused Assets to reduce memory usage. Loaded Objects now: 2297.
Total: 2.403800 ms (FindLiveObjects: 0.242100 ms CreateObjectMapping: 0.100300 ms MarkObjects: 1.925500 ms  DeleteObjects: 0.134400 ms)

========================================================================
Received Import Request.
  Time since last request: 306.495898 seconds.
  path: Assets/Scripts/PlayerController.cs
  artifactKey: Guid(ccac4c9e7d4d50e468f3839f986f5cc1) Importer(815301076,1909f56bfc062723c751e8b465ee728b)
Start importing Assets/Scripts/PlayerController.cs using Guid(ccac4c9e7d4d50e468f3839f986f5cc1) Importer(815301076,1909f56bfc062723c751e8b465ee728b)  -> (artifact id: '0150f6f556fca595474b4046cf7326f0') in 0.013827 seconds
  Import took 0.019860 seconds .

========================================================================
Received Import Request.
  Time since last request: 33.522925 seconds.
  path: ProjectSettings/TagManager.asset
  artifactKey: Guid(00000000000000003000000000000000) Importer(815301076,1909f56bfc062723c751e8b465ee728b)
Start importing ProjectSettings/TagManager.asset using Guid(00000000000000003000000000000000) Importer(815301076,1909f56bfc062723c751e8b465ee728b)  -> (artifact id: '779d5949113fa91bb85f64f090860d93') in 0.017413 seconds
  Import took 0.020630 seconds .

========================================================================
Received Prepare
Registering precompiled user dll's ...
Registered in 0.000922 seconds.
Begin MonoManager ReloadAssembly
Native extension for WindowsStandalone target not found
Native extension for OSXStandalone target not found
Native extension for WebGL target not found
Refreshing native plugins compatible for Editor in 0.61 ms, found 1 plugins.
Preloading 0 native plugins for Editor in 0.00 ms.
Invoked RoslynAnalysisRunner static constructor.
RoslynAnalysisRunner will not be running.
RoslynAnalysisRunner has terminated.
Mono: successfully reloaded assembly
- Completed reload, in  1.128 seconds
Platform modules already initialized, skipping
Refreshing native plugins compatible for Editor in 0.37 ms, found 1 plugins.
Preloading 0 native plugins for Editor in 0.00 ms.
Unloading 1802 Unused Serialized files (Serialized files now loaded: 0)
System memory in use before: 87.8 MB.
System memory in use after: 87.8 MB.

Unloading 13 unused Assets to reduce memory usage. Loaded Objects now: 2301.
Total: 2.935500 ms (FindLiveObjects: 0.182200 ms CreateObjectMapping: 0.068800 ms MarkObjects: 2.531100 ms  DeleteObjects: 0.152200 ms)

========================================================================
Received Prepare
Registering precompiled user dll's ...
Registered in 0.000895 seconds.
Begin MonoManager ReloadAssembly
Native extension for WindowsStandalone target not found
Native extension for OSXStandalone target not found
Native extension for WebGL target not found
Refreshing native plugins compatible for Editor in 0.35 ms, found 1 plugins.
Preloading 0 native plugins for Editor in 0.00 ms.
Invoked RoslynAnalysisRunner static constructor.
RoslynAnalysisRunner will not be running.
RoslynAnalysisRunner has terminated.
Mono: successfully reloaded assembly
- Completed reload, in  1.186 seconds
Platform modules already initialized, skipping
Refreshing native plugins compatible for Editor in 0.35 ms, found 1 plugins.
Preloading 0 native plugins for Editor in 0.00 ms.
Unloading 1802 Unused Serialized files (Serialized files now loaded: 0)
System memory in use before: 87.8 MB.
System memory in use after: 87.8 MB.

Unloading 12 unused Assets to reduce memory usage. Loaded Objects now: 2305.
Total: 1.943200 ms (FindLiveObjects: 0.182400 ms CreateObjectMapping: 0.068500 ms MarkObjects: 1.577500 ms  DeleteObjects: 0.113200 ms)

========================================================================
Received Prepare
Registering precompiled user dll's ...
Registered in 0.000763 seconds.
Begin MonoManager ReloadAssembly
Native extension for WindowsStandalone target not found
Native extension for OSXStandalone target not found
Native extension for WebGL target not found
Refreshing native plugins compatible for Editor in 0.31 ms, found 1 plugins.
Preloading 0 native plugins for Editor in 0.00 ms.
Invoked RoslynAnalysisRunner static constructor.
RoslynAnalysisRunner will not be running.
RoslynAnalysisRunner has terminated.
Mono: successfully reloaded assembly
- Completed reload, in  0.817 seconds
Platform modules already initialized, skipping
Refreshing native plugins compatible for Editor in 0.31 ms, found 1 plugins.
Preloading 0 native plugins for Editor in 0.00 ms.
Unloading 1802 Unused Serialized files (Serialized files now loaded: 0)
System memory in use before: 87.8 MB.
System memory in use after: 87.8 MB.

Unloading 12 unused Assets to reduce memory usage. Loaded Objects now: 2309.
Total: 1.798600 ms (FindLiveObjects: 0.185500 ms CreateObjectMapping: 0.099400 ms MarkObjects: 1.416200 ms  DeleteObjects: 0.096400 ms)

========================================================================
Received Prepare
Registering precompiled user dll's ...
Registered in 0.000983 seconds.
Begin MonoManager ReloadAssembly
Native extension for WindowsStandalone target not found
Native extension for OSXStandalone target not found
Native extension for WebGL target not found
Refreshing native plugins compatible for Editor in 0.33 ms, found 1 plugins.
Preloading 0 native plugins for Editor in 0.00 ms.
Invoked RoslynAnalysisRunner static constructor.
RoslynAnalysisRunner will not be running.
RoslynAnalysisRunner has terminated.
Mono: successfully reloaded assembly
- Completed reload, in  0.892 seconds
Platform modules already initialized, skipping
Refreshing native plugins compatible for Editor in 0.33 ms, found 1 plugins.
Preloading 0 native plugins for Editor in 0.00 ms.
Unloading 1802 Unused Serialized files (Serialized files now loaded: 0)
System memory in use before: 87.9 MB.
System memory in use after: 87.8 MB.

Unloading 12 unused Assets to reduce memory usage. Loaded Objects now: 2313.
Total: 2.226400 ms (FindLiveObjects: 0.300200 ms CreateObjectMapping: 0.091100 ms MarkObjects: 1.718900 ms  DeleteObjects: 0.115400 ms)

========================================================================
Received Prepare
Registering precompiled user dll's ...
Registered in 0.000833 seconds.
Begin MonoManager ReloadAssembly
Native extension for WindowsStandalone target not found
Native extension for OSXStandalone target not found
Native extension for WebGL target not found
Refreshing native plugins compatible for Editor in 0.28 ms, found 1 plugins.
Preloading 0 native plugins for Editor in 0.00 ms.
Invoked RoslynAnalysisRunner static constructor.
RoslynAnalysisRunner will not be running.
RoslynAnalysisRunner has terminated.
Mono: successfully reloaded assembly
- Completed reload, in  0.842 seconds
Platform modules already initialized, skipping
Refreshing native plugins compatible for Editor in 0.32 ms, found 1 plugins.
Preloading 0 native plugins for Editor in 0.00 ms.
Unloading 1802 Unused Serialized files (Serialized files now loaded: 0)
System memory in use before: 87.9 MB.
System memory in use after: 87.9 MB.

Unloading 12 unused Assets to reduce memory usage. Loaded Objects now: 2317.
Total: 1.929000 ms (FindLiveObjects: 0.167500 ms CreateObjectMapping: 0.068400 ms MarkObjects: 1.594400 ms  DeleteObjects: 0.097900 ms)

========================================================================
Received Prepare
Registering precompiled user dll's ...
Registered in 0.000820 seconds.
Begin MonoManager ReloadAssembly
Native extension for WindowsStandalone target not found
Native extension for OSXStandalone target not found
Native extension for WebGL target not found
Refreshing native plugins compatible for Editor in 0.27 ms, found 1 plugins.
Preloading 0 native plugins for Editor in 0.00 ms.
Invoked RoslynAnalysisRunner static constructor.
RoslynAnalysisRunner will not be running.
RoslynAnalysisRunner has terminated.
Mono: successfully reloaded assembly
- Completed reload, in  0.853 seconds
Platform modules already initialized, skipping
Refreshing native plugins compatible for Editor in 0.32 ms, found 1 plugins.
Preloading 0 native plugins for Editor in 0.00 ms.
Unloading 1802 Unused Serialized files (Serialized files now loaded: 0)
System memory in use before: 87.9 MB.
System memory in use after: 87.9 MB.

Unloading 12 unused Assets to reduce memory usage. Loaded Objects now: 2321.
Total: 2.000800 ms (FindLiveObjects: 0.192300 ms CreateObjectMapping: 0.065200 ms MarkObjects: 1.644100 ms  DeleteObjects: 0.098200 ms)

========================================================================
Received Prepare
Registering precompiled user dll's ...
Registered in 0.000987 seconds.
Begin MonoManager ReloadAssembly
Native extension for WindowsStandalone target not found
Native extension for OSXStandalone target not found
Native extension for WebGL target not found
Refreshing native plugins compatible for Editor in 0.31 ms, found 1 plugins.
Preloading 0 native plugins for Editor in 0.00 ms.
Invoked RoslynAnalysisRunner static constructor.
RoslynAnalysisRunner will not be running.
RoslynAnalysisRunner has terminated.
Mono: successfully reloaded assembly
- Completed reload, in  0.832 seconds
Platform modules already initialized, skipping
Refreshing native plugins compatible for Editor in 0.31 ms, found 1 plugins.
Preloading 0 native plugins for Editor in 0.00 ms.
Unloading 1802 Unused Serialized files (Serialized files now loaded: 0)
System memory in use before: 87.9 MB.
System memory in use after: 87.9 MB.

Unloading 12 unused Assets to reduce memory usage. Loaded Objects now: 2325.
Total: 2.178100 ms (FindLiveObjects: 0.299100 ms CreateObjectMapping: 0.097900 ms MarkObjects: 1.637500 ms  DeleteObjects: 0.142800 ms)

========================================================================
Received Prepare
Registering precompiled user dll's ...
Registered in 0.000816 seconds.
Begin MonoManager ReloadAssembly
Native extension for WindowsStandalone target not found
Native extension for OSXStandalone target not found
Native extension for WebGL target not found
Refreshing native plugins compatible for Editor in 0.38 ms, found 1 plugins.
Preloading 0 native plugins for Editor in 0.00 ms.
Invoked RoslynAnalysisRunner static constructor.
RoslynAnalysisRunner will not be running.
RoslynAnalysisRunner has terminated.
Mono: successfully reloaded assembly
- Completed reload, in  0.853 seconds
Platform modules already initialized, skipping
Refreshing native plugins compatible for Editor in 0.34 ms, found 1 plugins.
Preloading 0 native plugins for Editor in 0.00 ms.
Unloading 1802 Unused Serialized files (Serialized files now loaded: 0)
System memory in use before: 87.9 MB.
System memory in use after: 87.9 MB.

Unloading 12 unused Assets to reduce memory usage. Loaded Objects now: 2329.
Total: 2.068400 ms (FindLiveObjects: 0.191800 ms CreateObjectMapping: 0.067400 ms MarkObjects: 1.705200 ms  DeleteObjects: 0.103100 ms)

========================================================================
Received Prepare
Registering precompiled user dll's ...
Registered in 0.000828 seconds.
Begin MonoManager ReloadAssembly
Native extension for WindowsStandalone target not found
Native extension for OSXStandalone target not found
Native extension for WebGL target not found
Refreshing native plugins compatible for Editor in 0.34 ms, found 1 plugins.
Preloading 0 native plugins for Editor in 0.00 ms.
Invoked RoslynAnalysisRunner static constructor.
RoslynAnalysisRunner will not be running.
RoslynAnalysisRunner has terminated.
Mono: successfully reloaded assembly
- Completed reload, in  0.848 seconds
Platform modules already initialized, skipping
Refreshing native plugins compatible for Editor in 0.32 ms, found 1 plugins.
Preloading 0 native plugins for Editor in 0.00 ms.
Unloading 1802 Unused Serialized files (Serialized files now loaded: 0)
System memory in use before: 87.9 MB.
System memory in use after: 87.9 MB.

Unloading 12 unused Assets to reduce memory usage. Loaded Objects now: 2333.
Total: 2.655700 ms (FindLiveObjects: 0.293600 ms CreateObjectMapping: 0.075500 ms MarkObjects: 2.196200 ms  DeleteObjects: 0.089400 ms)

========================================================================
Received Prepare
Registering precompiled user dll's ...
Registered in 0.000806 seconds.
Begin MonoManager ReloadAssembly
Native extension for WindowsStandalone target not found
Native extension for OSXStandalone target not found
Native extension for WebGL target not found
Refreshing native plugins compatible for Editor in 0.34 ms, found 1 plugins.
Preloading 0 native plugins for Editor in 0.00 ms.
Invoked RoslynAnalysisRunner static constructor.
RoslynAnalysisRunner will not be running.
RoslynAnalysisRunner has terminated.
Mono: successfully reloaded assembly
- Completed reload, in  0.860 seconds
Platform modules already initialized, skipping
Refreshing native plugins compatible for Editor in 0.33 ms, found 1 plugins.
Preloading 0 native plugins for Editor in 0.00 ms.
Unloading 1802 Unused Serialized files (Serialized files now loaded: 0)
System memory in use before: 87.9 MB.
System memory in use after: 87.9 MB.

Unloading 12 unused Assets to reduce memory usage. Loaded Objects now: 2337.
Total: 1.947700 ms (FindLiveObjects: 0.202200 ms CreateObjectMapping: 0.066000 ms MarkObjects: 1.580200 ms  DeleteObjects: 0.098500 ms)

========================================================================
Received Prepare
Registering precompiled user dll's ...
Registered in 0.001136 seconds.
Begin MonoManager ReloadAssembly
Native extension for WindowsStandalone target not found
Native extension for OSXStandalone target not found
Native extension for WebGL target not found
Refreshing native plugins compatible for Editor in 0.32 ms, found 1 plugins.
Preloading 0 native plugins for Editor in 0.00 ms.
Invoked RoslynAnalysisRunner static constructor.
RoslynAnalysisRunner will not be running.
RoslynAnalysisRunner has terminated.
Mono: successfully reloaded assembly
- Completed reload, in  0.864 seconds
Platform modules already initialized, skipping
Refreshing native plugins compatible for Editor in 0.32 ms, found 1 plugins.
Preloading 0 native plugins for Editor in 0.00 ms.
Unloading 1802 Unused Serialized files (Serialized files now loaded: 0)
System memory in use before: 87.9 MB.
System memory in use after: 87.9 MB.

Unloading 12 unused Assets to reduce memory usage. Loaded Objects now: 2341.
Total: 1.850100 ms (FindLiveObjects: 0.187100 ms CreateObjectMapping: 0.072000 ms MarkObjects: 1.492100 ms  DeleteObjects: 0.098200 ms)

========================================================================
Received Prepare
Registering precompiled user dll's ...
Registered in 0.000992 seconds.
Begin MonoManager ReloadAssembly
Native extension for WindowsStandalone target not found
Native extension for OSXStandalone target not found
Native extension for WebGL target not found
Refreshing native plugins compatible for Editor in 0.33 ms, found 1 plugins.
Preloading 0 native plugins for Editor in 0.00 ms.
Invoked RoslynAnalysisRunner static constructor.
RoslynAnalysisRunner will not be running.
RoslynAnalysisRunner has terminated.
Mono: successfully reloaded assembly
- Completed reload, in  0.854 seconds
Platform modules already initialized, skipping
Refreshing native plugins compatible for Editor in 0.32 ms, found 1 plugins.
Preloading 0 native plugins for Editor in 0.00 ms.
Unloading 1802 Unused Serialized files (Serialized files now loaded: 0)
System memory in use before: 87.9 MB.
System memory in use after: 87.9 MB.

Unloading 12 unused Assets to reduce memory usage. Loaded Objects now: 2345.
Total: 1.900100 ms (FindLiveObjects: 0.187400 ms CreateObjectMapping: 0.089100 ms MarkObjects: 1.531300 ms  DeleteObjects: 0.091300 ms)

========================================================================
Received Prepare
Registering precompiled user dll's ...
Registered in 0.000812 seconds.
Begin MonoManager ReloadAssembly
Native extension for WindowsStandalone target not found
Native extension for OSXStandalone target not found
Native extension for WebGL target not found
Refreshing native plugins compatible for Editor in 0.57 ms, found 1 plugins.
Preloading 0 native plugins for Editor in 0.00 ms.
Invoked RoslynAnalysisRunner static constructor.
RoslynAnalysisRunner will not be running.
RoslynAnalysisRunner has terminated.
Mono: successfully reloaded assembly
- Completed reload, in  0.784 seconds
Platform modules already initialized, skipping
Refreshing native plugins compatible for Editor in 0.30 ms, found 1 plugins.
Preloading 0 native plugins for Editor in 0.00 ms.
Unloading 1802 Unused Serialized files (Serialized files now loaded: 0)
System memory in use before: 87.9 MB.
System memory in use after: 87.9 MB.

Unloading 12 unused Assets to reduce memory usage. Loaded Objects now: 2349.
Total: 1.903200 ms (FindLiveObjects: 0.252200 ms CreateObjectMapping: 0.098500 ms MarkObjects: 1.467000 ms  DeleteObjects: 0.084700 ms)

========================================================================
Received Prepare
Registering precompiled user dll's ...
Registered in 0.001163 seconds.
Begin MonoManager ReloadAssembly
Native extension for WindowsStandalone target not found
Native extension for OSXStandalone target not found
Native extension for WebGL target not found
Refreshing native plugins compatible for Editor in 0.33 ms, found 1 plugins.
Preloading 0 native plugins for Editor in 0.00 ms.
Invoked RoslynAnalysisRunner static constructor.
RoslynAnalysisRunner will not be running.
RoslynAnalysisRunner has terminated.
Mono: successfully reloaded assembly
- Completed reload, in  0.838 seconds
Platform modules already initialized, skipping
Refreshing native plugins compatible for Editor in 0.32 ms, found 1 plugins.
Preloading 0 native plugins for Editor in 0.00 ms.
Unloading 1802 Unused Serialized files (Serialized files now loaded: 0)
System memory in use before: 87.9 MB.
System memory in use after: 87.9 MB.

Unloading 12 unused Assets to reduce memory usage. Loaded Objects now: 2353.
Total: 2.193600 ms (FindLiveObjects: 0.273100 ms CreateObjectMapping: 0.096400 ms MarkObjects: 1.688300 ms  DeleteObjects: 0.135100 ms)

========================================================================
Received Prepare
Registering precompiled user dll's ...
Registered in 0.000775 seconds.
Begin MonoManager ReloadAssembly
Native extension for WindowsStandalone target not found
Native extension for OSXStandalone target not found
Native extension for WebGL target not found
Refreshing native plugins compatible for Editor in 0.32 ms, found 1 plugins.
Preloading 0 native plugins for Editor in 0.00 ms.
Invoked RoslynAnalysisRunner static constructor.
RoslynAnalysisRunner will not be running.
RoslynAnalysisRunner has terminated.
Mono: successfully reloaded assembly
- Completed reload, in  0.853 seconds
Platform modules already initialized, skipping
Refreshing native plugins compatible for Editor in 0.42 ms, found 1 plugins.
Preloading 0 native plugins for Editor in 0.00 ms.
Unloading 1802 Unused Serialized files (Serialized files now loaded: 0)
System memory in use before: 88.0 MB.
System memory in use after: 87.9 MB.

Unloading 12 unused Assets to reduce memory usage. Loaded Objects now: 2357.
Total: 2.120000 ms (FindLiveObjects: 0.268300 ms CreateObjectMapping: 0.068900 ms MarkObjects: 1.659500 ms  DeleteObjects: 0.122600 ms)

========================================================================
Received Prepare
Registering precompiled user dll's ...
Registered in 0.001001 seconds.
Begin MonoManager ReloadAssembly
Native extension for WindowsStandalone target not found
Native extension for OSXStandalone target not found
Native extension for WebGL target not found
Refreshing native plugins compatible for Editor in 0.31 ms, found 1 plugins.
Preloading 0 native plugins for Editor in 0.00 ms.
Invoked RoslynAnalysisRunner static constructor.
RoslynAnalysisRunner will not be running.
RoslynAnalysisRunner has terminated.
Mono: successfully reloaded assembly
- Completed reload, in  0.848 seconds
Platform modules already initialized, skipping
Refreshing native plugins compatible for Editor in 0.34 ms, found 1 plugins.
Preloading 0 native plugins for Editor in 0.00 ms.
Unloading 1802 Unused Serialized files (Serialized files now loaded: 0)
System memory in use before: 88.0 MB.
System memory in use after: 88.0 MB.

Unloading 12 unused Assets to reduce memory usage. Loaded Objects now: 2361.
Total: 2.038200 ms (FindLiveObjects: 0.187700 ms CreateObjectMapping: 0.075000 ms MarkObjects: 1.664200 ms  DeleteObjects: 0.110300 ms)

========================================================================
Received Prepare
Registering precompiled user dll's ...
Registered in 0.000842 seconds.
Begin MonoManager ReloadAssembly
Native extension for WindowsStandalone target not found
Native extension for OSXStandalone target not found
Native extension for WebGL target not found
Refreshing native plugins compatible for Editor in 0.40 ms, found 1 plugins.
Preloading 0 native plugins for Editor in 0.00 ms.
Invoked RoslynAnalysisRunner static constructor.
RoslynAnalysisRunner will not be running.
RoslynAnalysisRunner has terminated.
Mono: successfully reloaded assembly
- Completed reload, in  0.882 seconds
Platform modules already initialized, skipping
Refreshing native plugins compatible for Editor in 0.31 ms, found 1 plugins.
Preloading 0 native plugins for Editor in 0.00 ms.
Unloading 1802 Unused Serialized files (Serialized files now loaded: 0)
System memory in use before: 88.0 MB.
System memory in use after: 88.0 MB.

Unloading 12 unused Assets to reduce memory usage. Loaded Objects now: 2365.
Total: 2.172300 ms (FindLiveObjects: 0.287500 ms CreateObjectMapping: 0.078100 ms MarkObjects: 1.687300 ms  DeleteObjects: 0.118200 ms)

========================================================================
Received Prepare
Registering precompiled user dll's ...
Registered in 0.000707 seconds.
Begin MonoManager ReloadAssembly
Native extension for WindowsStandalone target not found
Native extension for OSXStandalone target not found
Native extension for WebGL target not found
Refreshing native plugins compatible for Editor in 0.30 ms, found 1 plugins.
Preloading 0 native plugins for Editor in 0.00 ms.
Invoked RoslynAnalysisRunner static constructor.
RoslynAnalysisRunner will not be running.
RoslynAnalysisRunner has terminated.
Mono: successfully reloaded assembly
- Completed reload, in  0.797 seconds
Platform modules already initialized, skipping
Refreshing native plugins compatible for Editor in 0.34 ms, found 1 plugins.
Preloading 0 native plugins for Editor in 0.00 ms.
Unloading 1802 Unused Serialized files (Serialized files now loaded: 0)
System memory in use before: 88.0 MB.
System memory in use after: 88.0 MB.

Unloading 12 unused Assets to reduce memory usage. Loaded Objects now: 2369.
Total: 1.927800 ms (FindLiveObjects: 0.179700 ms CreateObjectMapping: 0.061100 ms MarkObjects: 1.588300 ms  DeleteObjects: 0.097600 ms)

========================================================================
Received Import Request.
  Time since last request: 1165.557987 seconds.
  path: Assets/Animations/Jump.png
  artifactKey: Guid(26fbcae7fa48cf54db1f7ea879f65ecd) Importer(815301076,1909f56bfc062723c751e8b465ee728b)
Start importing Assets/Animations/Jump.png using Guid(26fbcae7fa48cf54db1f7ea879f65ecd) Importer(815301076,1909f56bfc062723c751e8b465ee728b)  -> (artifact id: '1cb2705e9ee36490bc5f61debaa23d0c') in 0.055320 seconds
  Import took 0.058357 seconds .

========================================================================
Received Import Request.
  Time since last request: 0.006920 seconds.
  path: Assets/Animations/Jump.png
  artifactKey: Guid(26fbcae7fa48cf54db1f7ea879f65ecd) Importer(815301076,1909f56bfc062723c751e8b465ee728b)
Start importing Assets/Animations/Jump.png using Guid(26fbcae7fa48cf54db1f7ea879f65ecd) Importer(815301076,1909f56bfc062723c751e8b465ee728b)  -> (artifact id: '1cb2705e9ee36490bc5f61debaa23d0c') in 0.006218 seconds
  Import took 0.009170 seconds .

========================================================================
Received Import Request.
  Time since last request: 3.740723 seconds.
  path: Assets/Animations/Fall.png
  artifactKey: Guid(64f341afe6bb5dc4e8269b25031e9317) Importer(815301076,1909f56bfc062723c751e8b465ee728b)
Start importing Assets/Animations/Fall.png using Guid(64f341afe6bb5dc4e8269b25031e9317) Importer(815301076,1909f56bfc062723c751e8b465ee728b)  -> (artifact id: '17978379e2279b756d3cfdb8f66219fc') in 0.009942 seconds
  Import took 0.012986 seconds .

========================================================================
Received Import Request.
  Time since last request: 0.000494 seconds.
  path: Assets/Animations/Fall.png
  artifactKey: Guid(64f341afe6bb5dc4e8269b25031e9317) Importer(815301076,1909f56bfc062723c751e8b465ee728b)
Start importing Assets/Animations/Fall.png using Guid(64f341afe6bb5dc4e8269b25031e9317) Importer(815301076,1909f56bfc062723c751e8b465ee728b)  -> (artifact id: '17978379e2279b756d3cfdb8f66219fc') in 0.005578 seconds
  Import took 0.008666 seconds .

========================================================================
Received Import Request.
  Time since last request: 7.641048 seconds.
  path: Assets/Animations/Run.png
  artifactKey: Guid(c2d070dbe4af0eb41b3cc16de08ce4ff) Importer(815301076,1909f56bfc062723c751e8b465ee728b)
Start importing Assets/Animations/Run.png using Guid(c2d070dbe4af0eb41b3cc16de08ce4ff) Importer(815301076,1909f56bfc062723c751e8b465ee728b)  -> (artifact id: '68e735426fa61c2b22fc2d1d2369179c') in 0.015668 seconds
  Import took 0.018660 seconds .

========================================================================
Received Import Request.
  Time since last request: 65.739935 seconds.
  path: Assets/Animations/Take Hit.png
  artifactKey: Guid(9ced3b51049a4f747965101c4d7c4f19) Importer(815301076,1909f56bfc062723c751e8b465ee728b)
Start importing Assets/Animations/Take Hit.png using Guid(9ced3b51049a4f747965101c4d7c4f19) Importer(815301076,1909f56bfc062723c751e8b465ee728b)  -> (artifact id: '4e40ccb6d6fd38f4eee67cd9015d51af') in 0.011058 seconds
  Import took 0.014616 seconds .

========================================================================
Received Import Request.
  Time since last request: 6.701147 seconds.
  path: Assets/Animations/Attack.png
  artifactKey: Guid(9ced3b51049a4f747965101c4d7c4f19) Importer(815301076,1909f56bfc062723c751e8b465ee728b)
Start importing Assets/Animations/Attack.png using Guid(9ced3b51049a4f747965101c4d7c4f19) Importer(815301076,1909f56bfc062723c751e8b465ee728b)  -> (artifact id: '7dec4c72f5bb778bc6d19b7e6979a58d') in 0.010946 seconds
  Import took 0.013813 seconds .

========================================================================
Received Import Request.
  Time since last request: 13.470152 seconds.
  path: Assets/Animations/Death.png
  artifactKey: Guid(931cf0188ead8bb448fc1d3233cdc1a3) Importer(815301076,1909f56bfc062723c751e8b465ee728b)
Start importing Assets/Animations/Death.png using Guid(931cf0188ead8bb448fc1d3233cdc1a3) Importer(815301076,1909f56bfc062723c751e8b465ee728b)  -> (artifact id: '169f4d2fc90a2e44e49dc9923b572b8a') in 0.009962 seconds
  Import took 0.012807 seconds .

========================================================================
Received Import Request.
  Time since last request: 0.001219 seconds.
  path: Assets/Animations/Death.png
  artifactKey: Guid(931cf0188ead8bb448fc1d3233cdc1a3) Importer(815301076,1909f56bfc062723c751e8b465ee728b)
Start importing Assets/Animations/Death.png using Guid(931cf0188ead8bb448fc1d3233cdc1a3) Importer(815301076,1909f56bfc062723c751e8b465ee728b)  -> (artifact id: '169f4d2fc90a2e44e49dc9923b572b8a') in 0.005565 seconds
  Import took 0.008244 seconds .

========================================================================
Received Prepare
Registering precompiled user dll's ...
Registered in 0.000780 seconds.
Begin MonoManager ReloadAssembly
Native extension for WindowsStandalone target not found
Native extension for OSXStandalone target not found
Native extension for WebGL target not found
Refreshing native plugins compatible for Editor in 0.31 ms, found 1 plugins.
Preloading 0 native plugins for Editor in 0.00 ms.
Invoked RoslynAnalysisRunner static constructor.
RoslynAnalysisRunner will not be running.
RoslynAnalysisRunner has terminated.
Mono: successfully reloaded assembly
- Completed reload, in  0.820 seconds
Platform modules already initialized, skipping
Refreshing native plugins compatible for Editor in 0.31 ms, found 1 plugins.
Preloading 0 native plugins for Editor in 0.00 ms.
Unloading 1802 Unused Serialized files (Serialized files now loaded: 0)
System memory in use before: 88.0 MB.
System memory in use after: 88.0 MB.

Unloading 12 unused Assets to reduce memory usage. Loaded Objects now: 2380.
Total: 2.052800 ms (FindLiveObjects: 0.245100 ms CreateObjectMapping: 0.065900 ms MarkObjects: 1.640900 ms  DeleteObjects: 0.100000 ms)

========================================================================
Received Prepare
Registering precompiled user dll's ...
Registered in 0.000823 seconds.
Begin MonoManager ReloadAssembly
Native extension for WindowsStandalone target not found
Native extension for OSXStandalone target not found
Native extension for WebGL target not found
Refreshing native plugins compatible for Editor in 0.31 ms, found 1 plugins.
Preloading 0 native plugins for Editor in 0.00 ms.
Invoked RoslynAnalysisRunner static constructor.
RoslynAnalysisRunner will not be running.
RoslynAnalysisRunner has terminated.
Mono: successfully reloaded assembly
- Completed reload, in  0.832 seconds
Platform modules already initialized, skipping
Refreshing native plugins compatible for Editor in 0.31 ms, found 1 plugins.
Preloading 0 native plugins for Editor in 0.00 ms.
Unloading 1802 Unused Serialized files (Serialized files now loaded: 0)
System memory in use before: 88.0 MB.
System memory in use after: 88.0 MB.

Unloading 12 unused Assets to reduce memory usage. Loaded Objects now: 2384.
Total: 2.360500 ms (FindLiveObjects: 0.321500 ms CreateObjectMapping: 0.067800 ms MarkObjects: 1.851300 ms  DeleteObjects: 0.118800 ms)

========================================================================
Received Prepare
Registering precompiled user dll's ...
Registered in 0.000722 seconds.
Begin MonoManager ReloadAssembly
Native extension for WindowsStandalone target not found
Native extension for OSXStandalone target not found
Native extension for WebGL target not found
Refreshing native plugins compatible for Editor in 0.37 ms, found 1 plugins.
Preloading 0 native plugins for Editor in 0.00 ms.
Invoked RoslynAnalysisRunner static constructor.
RoslynAnalysisRunner will not be running.
RoslynAnalysisRunner has terminated.
Mono: successfully reloaded assembly
- Completed reload, in  0.817 seconds
Platform modules already initialized, skipping
Refreshing native plugins compatible for Editor in 0.33 ms, found 1 plugins.
Preloading 0 native plugins for Editor in 0.00 ms.
Unloading 1802 Unused Serialized files (Serialized files now loaded: 0)
System memory in use before: 88.0 MB.
System memory in use after: 88.0 MB.

Unloading 12 unused Assets to reduce memory usage. Loaded Objects now: 2388.
Total: 1.858800 ms (FindLiveObjects: 0.172700 ms CreateObjectMapping: 0.057300 ms MarkObjects: 1.519000 ms  DeleteObjects: 0.109000 ms)

========================================================================
Received Prepare
Registering precompiled user dll's ...
Registered in 0.001221 seconds.
Begin MonoManager ReloadAssembly
Native extension for WindowsStandalone target not found
Native extension for OSXStandalone target not found
Native extension for WebGL target not found
Refreshing native plugins compatible for Editor in 0.33 ms, found 1 plugins.
Preloading 0 native plugins for Editor in 0.00 ms.
Invoked RoslynAnalysisRunner static constructor.
RoslynAnalysisRunner will not be running.
RoslynAnalysisRunner has terminated.
Mono: successfully reloaded assembly
- Completed reload, in  0.838 seconds
Platform modules already initialized, skipping
Refreshing native plugins compatible for Editor in 0.32 ms, found 1 plugins.
Preloading 0 native plugins for Editor in 0.00 ms.
Unloading 1802 Unused Serialized files (Serialized files now loaded: 0)
System memory in use before: 88.0 MB.
System memory in use after: 88.0 MB.

Unloading 12 unused Assets to reduce memory usage. Loaded Objects now: 2392.
Total: 1.800600 ms (FindLiveObjects: 0.228400 ms CreateObjectMapping: 0.063000 ms MarkObjects: 1.390600 ms  DeleteObjects: 0.117700 ms)

========================================================================
Received Prepare
Registering precompiled user dll's ...
Registered in 0.000744 seconds.
Begin MonoManager ReloadAssembly
Native extension for WindowsStandalone target not found
Native extension for OSXStandalone target not found
Native extension for WebGL target not found
Refreshing native plugins compatible for Editor in 0.32 ms, found 1 plugins.
Preloading 0 native plugins for Editor in 0.00 ms.
Invoked RoslynAnalysisRunner static constructor.
RoslynAnalysisRunner will not be running.
RoslynAnalysisRunner has terminated.
Mono: successfully reloaded assembly
- Completed reload, in  0.872 seconds
Platform modules already initialized, skipping
Refreshing native plugins compatible for Editor in 0.32 ms, found 1 plugins.
Preloading 0 native plugins for Editor in 0.00 ms.
Unloading 1802 Unused Serialized files (Serialized files now loaded: 0)
System memory in use before: 88.1 MB.
System memory in use after: 88.0 MB.

Unloading 12 unused Assets to reduce memory usage. Loaded Objects now: 2396.
Total: 2.030000 ms (FindLiveObjects: 0.279900 ms CreateObjectMapping: 0.067900 ms MarkObjects: 1.588000 ms  DeleteObjects: 0.093200 ms)

========================================================================
Received Prepare
Registering precompiled user dll's ...
Registered in 0.000804 seconds.
Begin MonoManager ReloadAssembly
Native extension for WindowsStandalone target not found
Native extension for OSXStandalone target not found
Native extension for WebGL target not found
Refreshing native plugins compatible for Editor in 0.33 ms, found 1 plugins.
Preloading 0 native plugins for Editor in 0.00 ms.
Invoked RoslynAnalysisRunner static constructor.
RoslynAnalysisRunner will not be running.
RoslynAnalysisRunner has terminated.
Mono: successfully reloaded assembly
- Completed reload, in  0.839 seconds
Platform modules already initialized, skipping
Refreshing native plugins compatible for Editor in 0.33 ms, found 1 plugins.
Preloading 0 native plugins for Editor in 0.00 ms.
Unloading 1802 Unused Serialized files (Serialized files now loaded: 0)
System memory in use before: 88.1 MB.
System memory in use after: 88.1 MB.

Unloading 12 unused Assets to reduce memory usage. Loaded Objects now: 2400.
Total: 1.927900 ms (FindLiveObjects: 0.191300 ms CreateObjectMapping: 0.080700 ms MarkObjects: 1.545300 ms  DeleteObjects: 0.109500 ms)

========================================================================
Received Prepare
Registering precompiled user dll's ...
Registered in 0.000878 seconds.
Begin MonoManager ReloadAssembly
Native extension for WindowsStandalone target not found
Native extension for OSXStandalone target not found
Native extension for WebGL target not found
Refreshing native plugins compatible for Editor in 0.37 ms, found 1 plugins.
Preloading 0 native plugins for Editor in 0.00 ms.
Invoked RoslynAnalysisRunner static constructor.
RoslynAnalysisRunner will not be running.
RoslynAnalysisRunner has terminated.
Mono: successfully reloaded assembly
- Completed reload, in  0.849 seconds
Platform modules already initialized, skipping
Refreshing native plugins compatible for Editor in 0.33 ms, found 1 plugins.
Preloading 0 native plugins for Editor in 0.00 ms.
Unloading 1802 Unused Serialized files (Serialized files now loaded: 0)
System memory in use before: 88.1 MB.
System memory in use after: 88.1 MB.

Unloading 12 unused Assets to reduce memory usage. Loaded Objects now: 2404.
Total: 1.869200 ms (FindLiveObjects: 0.213700 ms CreateObjectMapping: 0.081600 ms MarkObjects: 1.479300 ms  DeleteObjects: 0.093900 ms)

========================================================================
Received Prepare
Registering precompiled user dll's ...
Registered in 0.000852 seconds.
Begin MonoManager ReloadAssembly
Native extension for WindowsStandalone target not found
Native extension for OSXStandalone target not found
Native extension for WebGL target not found
Refreshing native plugins compatible for Editor in 0.58 ms, found 1 plugins.
Preloading 0 native plugins for Editor in 0.00 ms.
Invoked RoslynAnalysisRunner static constructor.
RoslynAnalysisRunner will not be running.
RoslynAnalysisRunner has terminated.
Mono: successfully reloaded assembly
- Completed reload, in  0.795 seconds
Platform modules already initialized, skipping
Refreshing native plugins compatible for Editor in 0.35 ms, found 1 plugins.
Preloading 0 native plugins for Editor in 0.00 ms.
Unloading 1802 Unused Serialized files (Serialized files now loaded: 0)
System memory in use before: 88.1 MB.
System memory in use after: 88.1 MB.

Unloading 12 unused Assets to reduce memory usage. Loaded Objects now: 2408.
Total: 2.150100 ms (FindLiveObjects: 0.201800 ms CreateObjectMapping: 0.069900 ms MarkObjects: 1.775000 ms  DeleteObjects: 0.102800 ms)

========================================================================
Received Prepare
Registering precompiled user dll's ...
Registered in 0.000810 seconds.
Begin MonoManager ReloadAssembly
Native extension for WindowsStandalone target not found
Native extension for OSXStandalone target not found
Native extension for WebGL target not found
Refreshing native plugins compatible for Editor in 0.32 ms, found 1 plugins.
Preloading 0 native plugins for Editor in 0.00 ms.
Invoked RoslynAnalysisRunner static constructor.
RoslynAnalysisRunner will not be running.
RoslynAnalysisRunner has terminated.
Mono: successfully reloaded assembly
- Completed reload, in  0.850 seconds
Platform modules already initialized, skipping
Refreshing native plugins compatible for Editor in 0.33 ms, found 1 plugins.
Preloading 0 native plugins for Editor in 0.00 ms.
Unloading 1802 Unused Serialized files (Serialized files now loaded: 0)
System memory in use before: 88.1 MB.
System memory in use after: 88.1 MB.

Unloading 12 unused Assets to reduce memory usage. Loaded Objects now: 2412.
Total: 1.984500 ms (FindLiveObjects: 0.290500 ms CreateObjectMapping: 0.110500 ms MarkObjects: 1.490200 ms  DeleteObjects: 0.092100 ms)

========================================================================
Received Prepare
Registering precompiled user dll's ...
Registered in 0.001097 seconds.
Begin MonoManager ReloadAssembly
Native extension for WindowsStandalone target not found
Native extension for OSXStandalone target not found
Native extension for WebGL target not found
Refreshing native plugins compatible for Editor in 0.30 ms, found 1 plugins.
Preloading 0 native plugins for Editor in 0.00 ms.
Invoked RoslynAnalysisRunner static constructor.
RoslynAnalysisRunner will not be running.
RoslynAnalysisRunner has terminated.
Mono: successfully reloaded assembly
- Completed reload, in  0.858 seconds
Platform modules already initialized, skipping
Refreshing native plugins compatible for Editor in 0.31 ms, found 1 plugins.
Preloading 0 native plugins for Editor in 0.00 ms.
Unloading 1802 Unused Serialized files (Serialized files now loaded: 0)
System memory in use before: 88.1 MB.
System memory in use after: 88.1 MB.

Unloading 12 unused Assets to reduce memory usage. Loaded Objects now: 2416.
Total: 2.278700 ms (FindLiveObjects: 0.309600 ms CreateObjectMapping: 0.119000 ms MarkObjects: 1.703200 ms  DeleteObjects: 0.146000 ms)

========================================================================
Received Prepare
Registering precompiled user dll's ...
Registered in 0.000826 seconds.
Begin MonoManager ReloadAssembly
Native extension for WindowsStandalone target not found
Native extension for OSXStandalone target not found
Native extension for WebGL target not found
Refreshing native plugins compatible for Editor in 0.35 ms, found 1 plugins.
Preloading 0 native plugins for Editor in 0.00 ms.
Invoked RoslynAnalysisRunner static constructor.
RoslynAnalysisRunner will not be running.
RoslynAnalysisRunner has terminated.
Mono: successfully reloaded assembly
- Completed reload, in  0.841 seconds
Platform modules already initialized, skipping
Refreshing native plugins compatible for Editor in 0.31 ms, found 1 plugins.
Preloading 0 native plugins for Editor in 0.00 ms.
Unloading 1802 Unused Serialized files (Serialized files now loaded: 0)
System memory in use before: 88.1 MB.
System memory in use after: 88.1 MB.

Unloading 12 unused Assets to reduce memory usage. Loaded Objects now: 2420.
Total: 2.154300 ms (FindLiveObjects: 0.233000 ms CreateObjectMapping: 0.083800 ms MarkObjects: 1.679000 ms  DeleteObjects: 0.136900 ms)

========================================================================
Received Prepare
Registering precompiled user dll's ...
Registered in 0.000913 seconds.
Begin MonoManager ReloadAssembly
Native extension for WindowsStandalone target not found
Native extension for OSXStandalone target not found
Native extension for WebGL target not found
Refreshing native plugins compatible for Editor in 0.54 ms, found 1 plugins.
Preloading 0 native plugins for Editor in 0.00 ms.
Invoked RoslynAnalysisRunner static constructor.
RoslynAnalysisRunner will not be running.
RoslynAnalysisRunner has terminated.
Mono: successfully reloaded assembly
- Completed reload, in  0.841 seconds
Platform modules already initialized, skipping
Refreshing native plugins compatible for Editor in 0.35 ms, found 1 plugins.
Preloading 0 native plugins for Editor in 0.00 ms.
Unloading 1802 Unused Serialized files (Serialized files now loaded: 0)
System memory in use before: 88.1 MB.
System memory in use after: 88.1 MB.

Unloading 12 unused Assets to reduce memory usage. Loaded Objects now: 2424.
Total: 2.135200 ms (FindLiveObjects: 0.213900 ms CreateObjectMapping: 0.087100 ms MarkObjects: 1.723300 ms  DeleteObjects: 0.110100 ms)

========================================================================
Received Prepare
Registering precompiled user dll's ...
Registered in 0.001150 seconds.
Begin MonoManager ReloadAssembly
Native extension for WindowsStandalone target not found
Native extension for OSXStandalone target not found
Native extension for WebGL target not found
Refreshing native plugins compatible for Editor in 0.34 ms, found 1 plugins.
Preloading 0 native plugins for Editor in 0.00 ms.
Invoked RoslynAnalysisRunner static constructor.
RoslynAnalysisRunner will not be running.
RoslynAnalysisRunner has terminated.
Mono: successfully reloaded assembly
- Completed reload, in  0.838 seconds
Platform modules already initialized, skipping
Refreshing native plugins compatible for Editor in 0.35 ms, found 1 plugins.
Preloading 0 native plugins for Editor in 0.00 ms.
Unloading 1802 Unused Serialized files (Serialized files now loaded: 0)
System memory in use before: 88.1 MB.
System memory in use after: 88.1 MB.

Unloading 12 unused Assets to reduce memory usage. Loaded Objects now: 2428.
Total: 2.142100 ms (FindLiveObjects: 0.211800 ms CreateObjectMapping: 0.078700 ms MarkObjects: 1.751200 ms  DeleteObjects: 0.099500 ms)

========================================================================
Received Prepare
Registering precompiled user dll's ...
Registered in 0.000751 seconds.
Begin MonoManager ReloadAssembly
Native extension for WindowsStandalone target not found
Native extension for OSXStandalone target not found
Native extension for WebGL target not found
Refreshing native plugins compatible for Editor in 0.58 ms, found 1 plugins.
Preloading 0 native plugins for Editor in 0.00 ms.
Invoked RoslynAnalysisRunner static constructor.
RoslynAnalysisRunner will not be running.
RoslynAnalysisRunner has terminated.
Mono: successfully reloaded assembly
- Completed reload, in  0.922 seconds
Platform modules already initialized, skipping
Refreshing native plugins compatible for Editor in 0.39 ms, found 1 plugins.
Preloading 0 native plugins for Editor in 0.00 ms.
Unloading 1802 Unused Serialized files (Serialized files now loaded: 0)
System memory in use before: 88.1 MB.
System memory in use after: 88.1 MB.

Unloading 12 unused Assets to reduce memory usage. Loaded Objects now: 2432.
Total: 1.946300 ms (FindLiveObjects: 0.201600 ms CreateObjectMapping: 0.069400 ms MarkObjects: 1.562600 ms  DeleteObjects: 0.111500 ms)

========================================================================
Received Import Request.
  Time since last request: 827.522106 seconds.
  path: Assets/Fonts
  artifactKey: Guid(e04c3add7a9aba1419e17b1dacc85add) Importer(815301076,1909f56bfc062723c751e8b465ee728b)
Start importing Assets/Fonts using Guid(e04c3add7a9aba1419e17b1dacc85add) Importer(815301076,1909f56bfc062723c751e8b465ee728b)  -> (artifact id: '9b43a4394e01e671efa7fcb9086b0270') in 0.008512 seconds
  Import took 0.011545 seconds .

========================================================================
Received Import Request.
  Time since last request: 53.442692 seconds.
  path: Assets/Fonts/FFFFORWA.TTF
  artifactKey: Guid(c206183d71697bb4f8c79f8f457f74ca) Importer(815301076,1909f56bfc062723c751e8b465ee728b)
Start importing Assets/Fonts/FFFFORWA.TTF using Guid(c206183d71697bb4f8c79f8f457f74ca) Importer(815301076,1909f56bfc062723c751e8b465ee728b)  -> (artifact id: '08acc659002fa8fd361a549933ebf0ed') in 0.070898 seconds
  Import took 0.073731 seconds .

========================================================================
Received Import Request.
  Time since last request: 8.163461 seconds.
  path: Assets/Fonts/FFFFORWA SDF.asset
  artifactKey: Guid(810e711749973aa47845db7fb676c900) Importer(815301076,1909f56bfc062723c751e8b465ee728b)
Start importing Assets/Fonts/FFFFORWA SDF.asset using Guid(810e711749973aa47845db7fb676c900) Importer(815301076,1909f56bfc062723c751e8b465ee728b) Shader 'TextMeshPro/Distance Field': fallback shader 'TextMeshPro/Mobile/Distance Field' not found
 -> (artifact id: '753ac938e08cf7c62a506df07395eafb') in 0.032664 seconds
  Import took 0.035951 seconds .

========================================================================
Received Import Request.
  Time since last request: 178.193244 seconds.
  path: Assets/Scripts/HUDController.cs
  artifactKey: Guid(4625013cb05794e41b5962435b46c3c1) Importer(815301076,1909f56bfc062723c751e8b465ee728b)
Start importing Assets/Scripts/HUDController.cs using Guid(4625013cb05794e41b5962435b46c3c1) Importer(815301076,1909f56bfc062723c751e8b465ee728b)  -> (artifact id: '2570f7d8fee4519a633c27ef8f450545') in 0.005053 seconds
  Import took 0.009025 seconds .

========================================================================
Received Prepare
Registering precompiled user dll's ...
Registered in 0.000773 seconds.
Begin MonoManager ReloadAssembly
Native extension for WindowsStandalone target not found
Native extension for OSXStandalone target not found
Native extension for WebGL target not found
Refreshing native plugins compatible for Editor in 0.34 ms, found 1 plugins.
Preloading 0 native plugins for Editor in 0.00 ms.
Invoked RoslynAnalysisRunner static constructor.
RoslynAnalysisRunner will not be running.
RoslynAnalysisRunner has terminated.
Mono: successfully reloaded assembly
- Completed reload, in  0.856 seconds
Platform modules already initialized, skipping
Refreshing native plugins compatible for Editor in 0.62 ms, found 1 plugins.
Preloading 0 native plugins for Editor in 0.00 ms.
Unloading 1816 Unused Serialized files (Serialized files now loaded: 0)
System memory in use before: 90.5 MB.
System memory in use after: 90.0 MB.

Unloading 23 unused Assets to reduce memory usage. Loaded Objects now: 2480.
Total: 2.623900 ms (FindLiveObjects: 0.384800 ms CreateObjectMapping: 0.134500 ms MarkObjects: 1.747800 ms  DeleteObjects: 0.355000 ms)

========================================================================
Received Import Request.
  Time since last request: 135.773948 seconds.
  path: Assets/Scripts/HUDController.cs
  artifactKey: Guid(4625013cb05794e41b5962435b46c3c1) Importer(815301076,1909f56bfc062723c751e8b465ee728b)
Start importing Assets/Scripts/HUDController.cs using Guid(4625013cb05794e41b5962435b46c3c1) Importer(815301076,1909f56bfc062723c751e8b465ee728b)  -> (artifact id: 'bd03352007cc3d0a740957167a1eeef0') in 0.004812 seconds
  Import took 0.008200 seconds .

========================================================================
Received Import Request.
  Time since last request: 0.003300 seconds.
  path: Assets/Scripts/HUDController.cs
  artifactKey: Guid(4625013cb05794e41b5962435b46c3c1) Importer(815301076,1909f56bfc062723c751e8b465ee728b)
Start importing Assets/Scripts/HUDController.cs using Guid(4625013cb05794e41b5962435b46c3c1) Importer(815301076,1909f56bfc062723c751e8b465ee728b)  -> (artifact id: 'bd03352007cc3d0a740957167a1eeef0') in 0.002146 seconds
  Import took 0.004804 seconds .

========================================================================
Received Import Request.
  Time since last request: 21.101740 seconds.
  path: Assets/Scripts/Texts.cs
  artifactKey: Guid(03cbfd2e8e4a67c42ac27490a6ef8f4a) Importer(815301076,1909f56bfc062723c751e8b465ee728b)
Start importing Assets/Scripts/Texts.cs using Guid(03cbfd2e8e4a67c42ac27490a6ef8f4a) Importer(815301076,1909f56bfc062723c751e8b465ee728b)  -> (artifact id: '4574ead596b4c887acbcd85cb02120f4') in 0.005739 seconds
  Import took 0.009381 seconds .

========================================================================
Received Import Request.
  Time since last request: 343.637792 seconds.
  path: Assets/Scripts/Texts.cs
  artifactKey: Guid(03cbfd2e8e4a67c42ac27490a6ef8f4a) Importer(815301076,1909f56bfc062723c751e8b465ee728b)
Start importing Assets/Scripts/Texts.cs using Guid(03cbfd2e8e4a67c42ac27490a6ef8f4a) Importer(815301076,1909f56bfc062723c751e8b465ee728b)  -> (artifact id: 'f66dd192acb2d063d0eeb85efb243b9a') in 0.001662 seconds
  Import took 0.005643 seconds .

========================================================================
Received Prepare
Registering precompiled user dll's ...
Registered in 0.035998 seconds.
Begin MonoManager ReloadAssembly
Native extension for WindowsStandalone target not found
Native extension for OSXStandalone target not found
Native extension for WebGL target not found
Refreshing native plugins compatible for Editor in 0.31 ms, found 1 plugins.
Preloading 0 native plugins for Editor in 0.00 ms.
Invoked RoslynAnalysisRunner static constructor.
RoslynAnalysisRunner will not be running.
RoslynAnalysisRunner has terminated.
Mono: successfully reloaded assembly
- Completed reload, in  0.813 seconds
Platform modules already initialized, skipping
Refreshing native plugins compatible for Editor in 0.32 ms, found 1 plugins.
Preloading 0 native plugins for Editor in 0.00 ms.
Unloading 1815 Unused Serialized files (Serialized files now loaded: 0)
System memory in use before: 90.4 MB.
System memory in use after: 89.9 MB.

Unloading 23 unused Assets to reduce memory usage. Loaded Objects now: 2485.
Total: 2.112900 ms (FindLiveObjects: 0.306000 ms CreateObjectMapping: 0.124800 ms MarkObjects: 1.396300 ms  DeleteObjects: 0.285000 ms)

========================================================================
Received Prepare
Registering precompiled user dll's ...
Registered in 0.001265 seconds.
Begin MonoManager ReloadAssembly
Native extension for WindowsStandalone target not found
Native extension for OSXStandalone target not found
Native extension for WebGL target not found
Refreshing native plugins compatible for Editor in 0.36 ms, found 1 plugins.
Preloading 0 native plugins for Editor in 0.00 ms.
Invoked RoslynAnalysisRunner static constructor.
RoslynAnalysisRunner will not be running.
RoslynAnalysisRunner has terminated.
Mono: successfully reloaded assembly
- Completed reload, in  0.852 seconds
Platform modules already initialized, skipping
Refreshing native plugins compatible for Editor in 0.38 ms, found 1 plugins.
Preloading 0 native plugins for Editor in 0.00 ms.
Unloading 1815 Unused Serialized files (Serialized files now loaded: 0)
System memory in use before: 90.4 MB.
System memory in use after: 89.9 MB.

Unloading 23 unused Assets to reduce memory usage. Loaded Objects now: 2489.
Total: 2.767100 ms (FindLiveObjects: 0.440100 ms CreateObjectMapping: 0.196400 ms MarkObjects: 1.768700 ms  DeleteObjects: 0.359300 ms)

AssetImportWorkerClient::OnTransportError - code=2 error=End of file
